<<<<<<< HEAD
DEBUG - 2025-06-17 00:07:45 --> Session: Class initialized using 'CodeIgniter\Session\Handlers\FileHandler' driver.
DEBUG - 2025-06-17 00:07:51 --> Session: Class initialized using 'CodeIgniter\Session\Handlers\FileHandler' driver.
=======
DEBUG - 2025-06-17 00:04:09 --> Session: Class initialized using 'CodeIgniter\Session\Handlers\FileHandler' driver.
DEBUG - 2025-06-17 00:04:09 --> Session: Class initialized using 'CodeIgniter\Session\Handlers\FileHandler' driver.
DEBUG - 2025-06-17 00:04:15 --> Session: Class initialized using 'CodeIgniter\Session\Handlers\FileHandler' driver.
ERROR - 2025-06-17 00:04:15 --> mysqli_sql_exception: Table 'bd_arias_lugo.ventas_cabeceras' doesn't exist in C:\xampp\htdocs\proyecto1-Arias-Lugo\system\Database\MySQLi\Connection.php:327
Stack trace:
#0 C:\xampp\htdocs\proyecto1-Arias-Lugo\system\Database\MySQLi\Connection.php(327): mysqli->query('SELECT *\nFROM `...', 0)
#1 C:\xampp\htdocs\proyecto1-Arias-Lugo\system\Database\BaseConnection.php(738): CodeIgniter\Database\MySQLi\Connection->execute('SELECT *\nFROM `...')
#2 C:\xampp\htdocs\proyecto1-Arias-Lugo\system\Database\BaseConnection.php(652): CodeIgniter\Database\BaseConnection->simpleQuery('SELECT *\nFROM `...')
#3 C:\xampp\htdocs\proyecto1-Arias-Lugo\system\Database\BaseBuilder.php(1649): CodeIgniter\Database\BaseConnection->query('SELECT *\nFROM `...', Array, false)
#4 C:\xampp\htdocs\proyecto1-Arias-Lugo\app\Models\Ventas_cabecera_model.php(29): CodeIgniter\Database\BaseBuilder->get()
#5 C:\xampp\htdocs\proyecto1-Arias-Lugo\app\Controllers\ventas_controller.php(84): App\Models\Ventas_cabecera_model->getVentas('11')
#6 C:\xampp\htdocs\proyecto1-Arias-Lugo\system\CodeIgniter.php(933): App\Controllers\ventas_controller->ver_facturas_usuario('11')
#7 C:\xampp\htdocs\proyecto1-Arias-Lugo\system\CodeIgniter.php(507): CodeIgniter\CodeIgniter->runController(Object(App\Controllers\ventas_controller))
#8 C:\xampp\htdocs\proyecto1-Arias-Lugo\system\CodeIgniter.php(354): CodeIgniter\CodeIgniter->handleRequest(NULL, Object(Config\Cache), false)
#9 C:\xampp\htdocs\proyecto1-Arias-Lugo\system\Boot.php(334): CodeIgniter\CodeIgniter->run()
#10 C:\xampp\htdocs\proyecto1-Arias-Lugo\system\Boot.php(67): CodeIgniter\Boot::runCodeIgniter(Object(CodeIgniter\CodeIgniter))
#11 C:\xampp\htdocs\proyecto1-Arias-Lugo\index.php(56): CodeIgniter\Boot::bootWeb(Object(Config\Paths))
#12 {main}
CRITICAL - 2025-06-17 00:04:15 --> CodeIgniter\Database\Exceptions\DatabaseException: Table 'bd_arias_lugo.ventas_cabeceras' doesn't exist
[Method: GET, Route: ver_factura_usuario11]
in SYSTEMPATH\Database\BaseConnection.php on line 692.
 1 SYSTEMPATH\Database\BaseBuilder.php(1649): CodeIgniter\Database\BaseConnection->query('SELECT *
FROM `ventas_cabeceras`
JOIN `usuarios` ON `usuarios`.`id` = `ventas_cabeceras`.`usuario_id`
WHERE `ventas_cabeceras`.`usuario_id` = :ventas_cabeceras.usuario_id:', [...], false)
 2 APPPATH\Models\Ventas_cabecera_model.php(29): CodeIgniter\Database\BaseBuilder->get()
 3 APPPATH\Controllers\ventas_controller.php(84): App\Models\Ventas_cabecera_model->getVentas('11')
 4 SYSTEMPATH\CodeIgniter.php(933): App\Controllers\ventas_controller->ver_facturas_usuario('11')
 5 SYSTEMPATH\CodeIgniter.php(507): CodeIgniter\CodeIgniter->runController(Object(App\Controllers\ventas_controller))
 6 SYSTEMPATH\CodeIgniter.php(354): CodeIgniter\CodeIgniter->handleRequest(null, Object(Config\Cache), false)
 7 SYSTEMPATH\Boot.php(334): CodeIgniter\CodeIgniter->run()
 8 SYSTEMPATH\Boot.php(67): CodeIgniter\Boot::runCodeIgniter(Object(CodeIgniter\CodeIgniter))
 9 FCPATH\index.php(56): CodeIgniter\Boot::bootWeb(Object(Config\Paths))
CRITICAL - 2025-06-17 00:04:15 --> [Caused by] CodeIgniter\Database\Exceptions\DatabaseException: Table 'bd_arias_lugo.ventas_cabeceras' doesn't exist
in SYSTEMPATH\Database\MySQLi\Connection.php on line 332.
 1 SYSTEMPATH\Database\BaseConnection.php(738): CodeIgniter\Database\MySQLi\Connection->execute('SELECT *
FROM `ventas_cabeceras`
JOIN `usuarios` ON `usuarios`.`id` = `ventas_cabeceras`.`usuario_id`
WHERE `ventas_cabeceras`.`usuario_id` = \'11\'')
 2 SYSTEMPATH\Database\BaseConnection.php(652): CodeIgniter\Database\BaseConnection->simpleQuery('SELECT *
FROM `ventas_cabeceras`
JOIN `usuarios` ON `usuarios`.`id` = `ventas_cabeceras`.`usuario_id`
WHERE `ventas_cabeceras`.`usuario_id` = \'11\'')
 3 SYSTEMPATH\Database\BaseBuilder.php(1649): CodeIgniter\Database\BaseConnection->query('SELECT *
FROM `ventas_cabeceras`
JOIN `usuarios` ON `usuarios`.`id` = `ventas_cabeceras`.`usuario_id`
WHERE `ventas_cabeceras`.`usuario_id` = :ventas_cabeceras.usuario_id:', [...], false)
 4 APPPATH\Models\Ventas_cabecera_model.php(29): CodeIgniter\Database\BaseBuilder->get()
 5 APPPATH\Controllers\ventas_controller.php(84): App\Models\Ventas_cabecera_model->getVentas('11')
 6 SYSTEMPATH\CodeIgniter.php(933): App\Controllers\ventas_controller->ver_facturas_usuario('11')
 7 SYSTEMPATH\CodeIgniter.php(507): CodeIgniter\CodeIgniter->runController(Object(App\Controllers\ventas_controller))
 8 SYSTEMPATH\CodeIgniter.php(354): CodeIgniter\CodeIgniter->handleRequest(null, Object(Config\Cache), false)
 9 SYSTEMPATH\Boot.php(334): CodeIgniter\CodeIgniter->run()
10 SYSTEMPATH\Boot.php(67): CodeIgniter\Boot::runCodeIgniter(Object(CodeIgniter\CodeIgniter))
11 FCPATH\index.php(56): CodeIgniter\Boot::bootWeb(Object(Config\Paths))
CRITICAL - 2025-06-17 00:04:15 --> [Caused by] mysqli_sql_exception: Table 'bd_arias_lugo.ventas_cabeceras' doesn't exist
in SYSTEMPATH\Database\MySQLi\Connection.php on line 327.
 1 SYSTEMPATH\Database\MySQLi\Connection.php(327): mysqli->query('SELECT *
FROM `ventas_cabeceras`
JOIN `usuarios` ON `usuarios`.`id` = `ventas_cabeceras`.`usuario_id`
WHERE `ventas_cabeceras`.`usuario_id` = \'11\'', 0)
 2 SYSTEMPATH\Database\BaseConnection.php(738): CodeIgniter\Database\MySQLi\Connection->execute('SELECT *
FROM `ventas_cabeceras`
JOIN `usuarios` ON `usuarios`.`id` = `ventas_cabeceras`.`usuario_id`
WHERE `ventas_cabeceras`.`usuario_id` = \'11\'')
 3 SYSTEMPATH\Database\BaseConnection.php(652): CodeIgniter\Database\BaseConnection->simpleQuery('SELECT *
FROM `ventas_cabeceras`
JOIN `usuarios` ON `usuarios`.`id` = `ventas_cabeceras`.`usuario_id`
WHERE `ventas_cabeceras`.`usuario_id` = \'11\'')
 4 SYSTEMPATH\Database\BaseBuilder.php(1649): CodeIgniter\Database\BaseConnection->query('SELECT *
FROM `ventas_cabeceras`
JOIN `usuarios` ON `usuarios`.`id` = `ventas_cabeceras`.`usuario_id`
WHERE `ventas_cabeceras`.`usuario_id` = :ventas_cabeceras.usuario_id:', [...], false)
 5 APPPATH\Models\Ventas_cabecera_model.php(29): CodeIgniter\Database\BaseBuilder->get()
 6 APPPATH\Controllers\ventas_controller.php(84): App\Models\Ventas_cabecera_model->getVentas('11')
 7 SYSTEMPATH\CodeIgniter.php(933): App\Controllers\ventas_controller->ver_facturas_usuario('11')
 8 SYSTEMPATH\CodeIgniter.php(507): CodeIgniter\CodeIgniter->runController(Object(App\Controllers\ventas_controller))
 9 SYSTEMPATH\CodeIgniter.php(354): CodeIgniter\CodeIgniter->handleRequest(null, Object(Config\Cache), false)
10 SYSTEMPATH\Boot.php(334): CodeIgniter\CodeIgniter->run()
11 SYSTEMPATH\Boot.php(67): CodeIgniter\Boot::runCodeIgniter(Object(CodeIgniter\CodeIgniter))
12 FCPATH\index.php(56): CodeIgniter\Boot::bootWeb(Object(Config\Paths))
DEBUG - 2025-06-17 00:06:25 --> Session: Class initialized using 'CodeIgniter\Session\Handlers\FileHandler' driver.
ERROR - 2025-06-17 00:06:25 --> mysqli_sql_exception: Table 'bd_arias_lugo.ventas_cabeceras' doesn't exist in C:\xampp\htdocs\proyecto1-Arias-Lugo\system\Database\MySQLi\Connection.php:327
Stack trace:
#0 C:\xampp\htdocs\proyecto1-Arias-Lugo\system\Database\MySQLi\Connection.php(327): mysqli->query('SELECT *\nFROM `...', 0)
#1 C:\xampp\htdocs\proyecto1-Arias-Lugo\system\Database\BaseConnection.php(738): CodeIgniter\Database\MySQLi\Connection->execute('SELECT *\nFROM `...')
#2 C:\xampp\htdocs\proyecto1-Arias-Lugo\system\Database\BaseConnection.php(652): CodeIgniter\Database\BaseConnection->simpleQuery('SELECT *\nFROM `...')
#3 C:\xampp\htdocs\proyecto1-Arias-Lugo\system\Database\BaseBuilder.php(1649): CodeIgniter\Database\BaseConnection->query('SELECT *\nFROM `...', Array, false)
#4 C:\xampp\htdocs\proyecto1-Arias-Lugo\app\Models\Ventas_cabecera_model.php(29): CodeIgniter\Database\BaseBuilder->get()
#5 C:\xampp\htdocs\proyecto1-Arias-Lugo\app\Controllers\ventas_controller.php(84): App\Models\Ventas_cabecera_model->getVentas('11')
#6 C:\xampp\htdocs\proyecto1-Arias-Lugo\system\CodeIgniter.php(933): App\Controllers\ventas_controller->ver_facturas_usuario('11')
#7 C:\xampp\htdocs\proyecto1-Arias-Lugo\system\CodeIgniter.php(507): CodeIgniter\CodeIgniter->runController(Object(App\Controllers\ventas_controller))
#8 C:\xampp\htdocs\proyecto1-Arias-Lugo\system\CodeIgniter.php(354): CodeIgniter\CodeIgniter->handleRequest(NULL, Object(Config\Cache), false)
#9 C:\xampp\htdocs\proyecto1-Arias-Lugo\system\Boot.php(334): CodeIgniter\CodeIgniter->run()
#10 C:\xampp\htdocs\proyecto1-Arias-Lugo\system\Boot.php(67): CodeIgniter\Boot::runCodeIgniter(Object(CodeIgniter\CodeIgniter))
#11 C:\xampp\htdocs\proyecto1-Arias-Lugo\index.php(56): CodeIgniter\Boot::bootWeb(Object(Config\Paths))
#12 {main}
CRITICAL - 2025-06-17 00:06:25 --> CodeIgniter\Database\Exceptions\DatabaseException: Table 'bd_arias_lugo.ventas_cabeceras' doesn't exist
[Method: GET, Route: ver_factura_usuario11]
in SYSTEMPATH\Database\BaseConnection.php on line 692.
 1 SYSTEMPATH\Database\BaseBuilder.php(1649): CodeIgniter\Database\BaseConnection->query('SELECT *
FROM `ventas_cabeceras`
JOIN `usuarios` ON `usuarios`.`id` = `ventas_cabeceras`.`usuario_id`
WHERE `ventas_cabeceras`.`usuario_id` = :ventas_cabeceras.usuario_id:', [...], false)
 2 APPPATH\Models\Ventas_cabecera_model.php(29): CodeIgniter\Database\BaseBuilder->get()
 3 APPPATH\Controllers\ventas_controller.php(84): App\Models\Ventas_cabecera_model->getVentas('11')
 4 SYSTEMPATH\CodeIgniter.php(933): App\Controllers\ventas_controller->ver_facturas_usuario('11')
 5 SYSTEMPATH\CodeIgniter.php(507): CodeIgniter\CodeIgniter->runController(Object(App\Controllers\ventas_controller))
 6 SYSTEMPATH\CodeIgniter.php(354): CodeIgniter\CodeIgniter->handleRequest(null, Object(Config\Cache), false)
 7 SYSTEMPATH\Boot.php(334): CodeIgniter\CodeIgniter->run()
 8 SYSTEMPATH\Boot.php(67): CodeIgniter\Boot::runCodeIgniter(Object(CodeIgniter\CodeIgniter))
 9 FCPATH\index.php(56): CodeIgniter\Boot::bootWeb(Object(Config\Paths))
CRITICAL - 2025-06-17 00:06:25 --> [Caused by] CodeIgniter\Database\Exceptions\DatabaseException: Table 'bd_arias_lugo.ventas_cabeceras' doesn't exist
in SYSTEMPATH\Database\MySQLi\Connection.php on line 332.
 1 SYSTEMPATH\Database\BaseConnection.php(738): CodeIgniter\Database\MySQLi\Connection->execute('SELECT *
FROM `ventas_cabeceras`
JOIN `usuarios` ON `usuarios`.`id` = `ventas_cabeceras`.`usuario_id`
WHERE `ventas_cabeceras`.`usuario_id` = \'11\'')
 2 SYSTEMPATH\Database\BaseConnection.php(652): CodeIgniter\Database\BaseConnection->simpleQuery('SELECT *
FROM `ventas_cabeceras`
JOIN `usuarios` ON `usuarios`.`id` = `ventas_cabeceras`.`usuario_id`
WHERE `ventas_cabeceras`.`usuario_id` = \'11\'')
 3 SYSTEMPATH\Database\BaseBuilder.php(1649): CodeIgniter\Database\BaseConnection->query('SELECT *
FROM `ventas_cabeceras`
JOIN `usuarios` ON `usuarios`.`id` = `ventas_cabeceras`.`usuario_id`
WHERE `ventas_cabeceras`.`usuario_id` = :ventas_cabeceras.usuario_id:', [...], false)
 4 APPPATH\Models\Ventas_cabecera_model.php(29): CodeIgniter\Database\BaseBuilder->get()
 5 APPPATH\Controllers\ventas_controller.php(84): App\Models\Ventas_cabecera_model->getVentas('11')
 6 SYSTEMPATH\CodeIgniter.php(933): App\Controllers\ventas_controller->ver_facturas_usuario('11')
 7 SYSTEMPATH\CodeIgniter.php(507): CodeIgniter\CodeIgniter->runController(Object(App\Controllers\ventas_controller))
 8 SYSTEMPATH\CodeIgniter.php(354): CodeIgniter\CodeIgniter->handleRequest(null, Object(Config\Cache), false)
 9 SYSTEMPATH\Boot.php(334): CodeIgniter\CodeIgniter->run()
10 SYSTEMPATH\Boot.php(67): CodeIgniter\Boot::runCodeIgniter(Object(CodeIgniter\CodeIgniter))
11 FCPATH\index.php(56): CodeIgniter\Boot::bootWeb(Object(Config\Paths))
CRITICAL - 2025-06-17 00:06:25 --> [Caused by] mysqli_sql_exception: Table 'bd_arias_lugo.ventas_cabeceras' doesn't exist
in SYSTEMPATH\Database\MySQLi\Connection.php on line 327.
 1 SYSTEMPATH\Database\MySQLi\Connection.php(327): mysqli->query('SELECT *
FROM `ventas_cabeceras`
JOIN `usuarios` ON `usuarios`.`id` = `ventas_cabeceras`.`usuario_id`
WHERE `ventas_cabeceras`.`usuario_id` = \'11\'', 0)
 2 SYSTEMPATH\Database\BaseConnection.php(738): CodeIgniter\Database\MySQLi\Connection->execute('SELECT *
FROM `ventas_cabeceras`
JOIN `usuarios` ON `usuarios`.`id` = `ventas_cabeceras`.`usuario_id`
WHERE `ventas_cabeceras`.`usuario_id` = \'11\'')
 3 SYSTEMPATH\Database\BaseConnection.php(652): CodeIgniter\Database\BaseConnection->simpleQuery('SELECT *
FROM `ventas_cabeceras`
JOIN `usuarios` ON `usuarios`.`id` = `ventas_cabeceras`.`usuario_id`
WHERE `ventas_cabeceras`.`usuario_id` = \'11\'')
 4 SYSTEMPATH\Database\BaseBuilder.php(1649): CodeIgniter\Database\BaseConnection->query('SELECT *
FROM `ventas_cabeceras`
JOIN `usuarios` ON `usuarios`.`id` = `ventas_cabeceras`.`usuario_id`
WHERE `ventas_cabeceras`.`usuario_id` = :ventas_cabeceras.usuario_id:', [...], false)
 5 APPPATH\Models\Ventas_cabecera_model.php(29): CodeIgniter\Database\BaseBuilder->get()
 6 APPPATH\Controllers\ventas_controller.php(84): App\Models\Ventas_cabecera_model->getVentas('11')
 7 SYSTEMPATH\CodeIgniter.php(933): App\Controllers\ventas_controller->ver_facturas_usuario('11')
 8 SYSTEMPATH\CodeIgniter.php(507): CodeIgniter\CodeIgniter->runController(Object(App\Controllers\ventas_controller))
 9 SYSTEMPATH\CodeIgniter.php(354): CodeIgniter\CodeIgniter->handleRequest(null, Object(Config\Cache), false)
10 SYSTEMPATH\Boot.php(334): CodeIgniter\CodeIgniter->run()
11 SYSTEMPATH\Boot.php(67): CodeIgniter\Boot::runCodeIgniter(Object(CodeIgniter\CodeIgniter))
12 FCPATH\index.php(56): CodeIgniter\Boot::bootWeb(Object(Config\Paths))
DEBUG - 2025-06-17 00:07:29 --> Session: Class initialized using 'CodeIgniter\Session\Handlers\FileHandler' driver.
DEBUG - 2025-06-17 00:07:32 --> Session: Class initialized using 'CodeIgniter\Session\Handlers\FileHandler' driver.
DEBUG - 2025-06-17 00:07:40 --> Session: Class initialized using 'CodeIgniter\Session\Handlers\FileHandler' driver.
DEBUG - 2025-06-17 00:07:40 --> Session: Class initialized using 'CodeIgniter\Session\Handlers\FileHandler' driver.
DEBUG - 2025-06-17 00:07:43 --> Session: Class initialized using 'CodeIgniter\Session\Handlers\FileHandler' driver.
ERROR - 2025-06-17 00:07:43 --> mysqli_sql_exception: Table 'bd_arias_lugo.ventas_cabeceras' doesn't exist in C:\xampp\htdocs\proyecto1-Arias-Lugo\system\Database\MySQLi\Connection.php:327
Stack trace:
#0 C:\xampp\htdocs\proyecto1-Arias-Lugo\system\Database\MySQLi\Connection.php(327): mysqli->query('SELECT *\nFROM `...', 0)
#1 C:\xampp\htdocs\proyecto1-Arias-Lugo\system\Database\BaseConnection.php(738): CodeIgniter\Database\MySQLi\Connection->execute('SELECT *\nFROM `...')
#2 C:\xampp\htdocs\proyecto1-Arias-Lugo\system\Database\BaseConnection.php(652): CodeIgniter\Database\BaseConnection->simpleQuery('SELECT *\nFROM `...')
#3 C:\xampp\htdocs\proyecto1-Arias-Lugo\system\Database\BaseBuilder.php(1649): CodeIgniter\Database\BaseConnection->query('SELECT *\nFROM `...', Array, false)
#4 C:\xampp\htdocs\proyecto1-Arias-Lugo\app\Models\Ventas_cabecera_model.php(29): CodeIgniter\Database\BaseBuilder->get()
#5 C:\xampp\htdocs\proyecto1-Arias-Lugo\app\Controllers\ventas_controller.php(84): App\Models\Ventas_cabecera_model->getVentas('11')
#6 C:\xampp\htdocs\proyecto1-Arias-Lugo\system\CodeIgniter.php(933): App\Controllers\ventas_controller->ver_facturas_usuario('11')
#7 C:\xampp\htdocs\proyecto1-Arias-Lugo\system\CodeIgniter.php(507): CodeIgniter\CodeIgniter->runController(Object(App\Controllers\ventas_controller))
#8 C:\xampp\htdocs\proyecto1-Arias-Lugo\system\CodeIgniter.php(354): CodeIgniter\CodeIgniter->handleRequest(NULL, Object(Config\Cache), false)
#9 C:\xampp\htdocs\proyecto1-Arias-Lugo\system\Boot.php(334): CodeIgniter\CodeIgniter->run()
#10 C:\xampp\htdocs\proyecto1-Arias-Lugo\system\Boot.php(67): CodeIgniter\Boot::runCodeIgniter(Object(CodeIgniter\CodeIgniter))
#11 C:\xampp\htdocs\proyecto1-Arias-Lugo\index.php(56): CodeIgniter\Boot::bootWeb(Object(Config\Paths))
#12 {main}
CRITICAL - 2025-06-17 00:07:43 --> CodeIgniter\Database\Exceptions\DatabaseException: Table 'bd_arias_lugo.ventas_cabeceras' doesn't exist
[Method: GET, Route: ver_factura_usuario11]
in SYSTEMPATH\Database\BaseConnection.php on line 692.
 1 SYSTEMPATH\Database\BaseBuilder.php(1649): CodeIgniter\Database\BaseConnection->query('SELECT *
FROM `ventas_cabeceras`
JOIN `usuarios` ON `usuarios`.`id` = `ventas_cabeceras`.`usuario_id`
WHERE `ventas_cabeceras`.`usuario_id` = :ventas_cabeceras.usuario_id:', [...], false)
 2 APPPATH\Models\Ventas_cabecera_model.php(29): CodeIgniter\Database\BaseBuilder->get()
 3 APPPATH\Controllers\ventas_controller.php(84): App\Models\Ventas_cabecera_model->getVentas('11')
 4 SYSTEMPATH\CodeIgniter.php(933): App\Controllers\ventas_controller->ver_facturas_usuario('11')
 5 SYSTEMPATH\CodeIgniter.php(507): CodeIgniter\CodeIgniter->runController(Object(App\Controllers\ventas_controller))
 6 SYSTEMPATH\CodeIgniter.php(354): CodeIgniter\CodeIgniter->handleRequest(null, Object(Config\Cache), false)
 7 SYSTEMPATH\Boot.php(334): CodeIgniter\CodeIgniter->run()
 8 SYSTEMPATH\Boot.php(67): CodeIgniter\Boot::runCodeIgniter(Object(CodeIgniter\CodeIgniter))
 9 FCPATH\index.php(56): CodeIgniter\Boot::bootWeb(Object(Config\Paths))
CRITICAL - 2025-06-17 00:07:43 --> [Caused by] CodeIgniter\Database\Exceptions\DatabaseException: Table 'bd_arias_lugo.ventas_cabeceras' doesn't exist
in SYSTEMPATH\Database\MySQLi\Connection.php on line 332.
 1 SYSTEMPATH\Database\BaseConnection.php(738): CodeIgniter\Database\MySQLi\Connection->execute('SELECT *
FROM `ventas_cabeceras`
JOIN `usuarios` ON `usuarios`.`id` = `ventas_cabeceras`.`usuario_id`
WHERE `ventas_cabeceras`.`usuario_id` = \'11\'')
 2 SYSTEMPATH\Database\BaseConnection.php(652): CodeIgniter\Database\BaseConnection->simpleQuery('SELECT *
FROM `ventas_cabeceras`
JOIN `usuarios` ON `usuarios`.`id` = `ventas_cabeceras`.`usuario_id`
WHERE `ventas_cabeceras`.`usuario_id` = \'11\'')
 3 SYSTEMPATH\Database\BaseBuilder.php(1649): CodeIgniter\Database\BaseConnection->query('SELECT *
FROM `ventas_cabeceras`
JOIN `usuarios` ON `usuarios`.`id` = `ventas_cabeceras`.`usuario_id`
WHERE `ventas_cabeceras`.`usuario_id` = :ventas_cabeceras.usuario_id:', [...], false)
 4 APPPATH\Models\Ventas_cabecera_model.php(29): CodeIgniter\Database\BaseBuilder->get()
 5 APPPATH\Controllers\ventas_controller.php(84): App\Models\Ventas_cabecera_model->getVentas('11')
 6 SYSTEMPATH\CodeIgniter.php(933): App\Controllers\ventas_controller->ver_facturas_usuario('11')
 7 SYSTEMPATH\CodeIgniter.php(507): CodeIgniter\CodeIgniter->runController(Object(App\Controllers\ventas_controller))
 8 SYSTEMPATH\CodeIgniter.php(354): CodeIgniter\CodeIgniter->handleRequest(null, Object(Config\Cache), false)
 9 SYSTEMPATH\Boot.php(334): CodeIgniter\CodeIgniter->run()
10 SYSTEMPATH\Boot.php(67): CodeIgniter\Boot::runCodeIgniter(Object(CodeIgniter\CodeIgniter))
11 FCPATH\index.php(56): CodeIgniter\Boot::bootWeb(Object(Config\Paths))
CRITICAL - 2025-06-17 00:07:43 --> [Caused by] mysqli_sql_exception: Table 'bd_arias_lugo.ventas_cabeceras' doesn't exist
in SYSTEMPATH\Database\MySQLi\Connection.php on line 327.
 1 SYSTEMPATH\Database\MySQLi\Connection.php(327): mysqli->query('SELECT *
FROM `ventas_cabeceras`
JOIN `usuarios` ON `usuarios`.`id` = `ventas_cabeceras`.`usuario_id`
WHERE `ventas_cabeceras`.`usuario_id` = \'11\'', 0)
 2 SYSTEMPATH\Database\BaseConnection.php(738): CodeIgniter\Database\MySQLi\Connection->execute('SELECT *
FROM `ventas_cabeceras`
JOIN `usuarios` ON `usuarios`.`id` = `ventas_cabeceras`.`usuario_id`
WHERE `ventas_cabeceras`.`usuario_id` = \'11\'')
 3 SYSTEMPATH\Database\BaseConnection.php(652): CodeIgniter\Database\BaseConnection->simpleQuery('SELECT *
FROM `ventas_cabeceras`
JOIN `usuarios` ON `usuarios`.`id` = `ventas_cabeceras`.`usuario_id`
WHERE `ventas_cabeceras`.`usuario_id` = \'11\'')
 4 SYSTEMPATH\Database\BaseBuilder.php(1649): CodeIgniter\Database\BaseConnection->query('SELECT *
FROM `ventas_cabeceras`
JOIN `usuarios` ON `usuarios`.`id` = `ventas_cabeceras`.`usuario_id`
WHERE `ventas_cabeceras`.`usuario_id` = :ventas_cabeceras.usuario_id:', [...], false)
 5 APPPATH\Models\Ventas_cabecera_model.php(29): CodeIgniter\Database\BaseBuilder->get()
 6 APPPATH\Controllers\ventas_controller.php(84): App\Models\Ventas_cabecera_model->getVentas('11')
 7 SYSTEMPATH\CodeIgniter.php(933): App\Controllers\ventas_controller->ver_facturas_usuario('11')
 8 SYSTEMPATH\CodeIgniter.php(507): CodeIgniter\CodeIgniter->runController(Object(App\Controllers\ventas_controller))
 9 SYSTEMPATH\CodeIgniter.php(354): CodeIgniter\CodeIgniter->handleRequest(null, Object(Config\Cache), false)
10 SYSTEMPATH\Boot.php(334): CodeIgniter\CodeIgniter->run()
11 SYSTEMPATH\Boot.php(67): CodeIgniter\Boot::runCodeIgniter(Object(CodeIgniter\CodeIgniter))
12 FCPATH\index.php(56): CodeIgniter\Boot::bootWeb(Object(Config\Paths))
>>>>>>> d593dcb9b97a19e8e6c7794232a7025a567bc4d3
DEBUG - 2025-06-17 00:19:32 --> Session: Class initialized using 'CodeIgniter\Session\Handlers\FileHandler' driver.
DEBUG - 2025-06-17 00:21:45 --> Session: Class initialized using 'CodeIgniter\Session\Handlers\FileHandler' driver.
DEBUG - 2025-06-17 00:21:50 --> Session: Class initialized using 'CodeIgniter\Session\Handlers\FileHandler' driver.
DEBUG - 2025-06-17 00:21:51 --> Session: Class initialized using 'CodeIgniter\Session\Handlers\FileHandler' driver.
DEBUG - 2025-06-17 00:22:00 --> Session: Class initialized using 'CodeIgniter\Session\Handlers\FileHandler' driver.
DEBUG - 2025-06-17 00:22:00 --> Session: Class initialized using 'CodeIgniter\Session\Handlers\FileHandler' driver.
DEBUG - 2025-06-17 00:22:09 --> Session: Class initialized using 'CodeIgniter\Session\Handlers\FileHandler' driver.
DEBUG - 2025-06-17 00:22:13 --> Session: Class initialized using 'CodeIgniter\Session\Handlers\FileHandler' driver.
DEBUG - 2025-06-17 00:22:16 --> Session: Class initialized using 'CodeIgniter\Session\Handlers\FileHandler' driver.
INFO - 2025-06-17 00:22:16 --> Cart Class Initialized
DEBUG - 2025-06-17 00:22:16 --> Session: Class initialized using 'CodeIgniter\Session\Handlers\FileHandler' driver.
DEBUG - 2025-06-17 00:22:27 --> Session: Class initialized using 'CodeIgniter\Session\Handlers\FileHandler' driver.
DEBUG - 2025-06-17 00:22:30 --> Session: Class initialized using 'CodeIgniter\Session\Handlers\FileHandler' driver.
INFO - 2025-06-17 00:22:30 --> Cart Class Initialized
DEBUG - 2025-06-17 00:22:30 --> Session: Class initialized using 'CodeIgniter\Session\Handlers\FileHandler' driver.
DEBUG - 2025-06-17 00:22:34 --> Session: Class initialized using 'CodeIgniter\Session\Handlers\FileHandler' driver.
INFO - 2025-06-17 00:22:34 --> Cart Class Initialized
DEBUG - 2025-06-17 00:22:39 --> Session: Class initialized using 'CodeIgniter\Session\Handlers\FileHandler' driver.
INFO - 2025-06-17 00:22:39 --> Cart Class Initialized
DEBUG - 2025-06-17 00:22:39 --> Session: Class initialized using 'CodeIgniter\Session\Handlers\FileHandler' driver.
DEBUG - 2025-06-17 00:23:59 --> Session: Class initialized using 'CodeIgniter\Session\Handlers\FileHandler' driver.
DEBUG - 2025-06-17 00:24:04 --> Session: Class initialized using 'CodeIgniter\Session\Handlers\FileHandler' driver.
DEBUG - 2025-06-17 00:24:18 --> Session: Class initialized using 'CodeIgniter\Session\Handlers\FileHandler' driver.
DEBUG - 2025-06-17 00:24:26 --> Session: Class initialized using 'CodeIgniter\Session\Handlers\FileHandler' driver.
DEBUG - 2025-06-17 00:24:26 --> Session: Class initialized using 'CodeIgniter\Session\Handlers\FileHandler' driver.
DEBUG - 2025-06-17 00:24:34 --> Session: Class initialized using 'CodeIgniter\Session\Handlers\FileHandler' driver.
DEBUG - 2025-06-17 00:24:35 --> Session: Class initialized using 'CodeIgniter\Session\Handlers\FileHandler' driver.
DEBUG - 2025-06-17 00:24:49 --> Session: Class initialized using 'CodeIgniter\Session\Handlers\FileHandler' driver.
DEBUG - 2025-06-17 00:25:00 --> Session: Class initialized using 'CodeIgniter\Session\Handlers\FileHandler' driver.
DEBUG - 2025-06-17 00:25:16 --> Session: Class initialized using 'CodeIgniter\Session\Handlers\FileHandler' driver.
DEBUG - 2025-06-17 00:25:37 --> Session: Class initialized using 'CodeIgniter\Session\Handlers\FileHandler' driver.
DEBUG - 2025-06-17 00:30:09 --> Session: Class initialized using 'CodeIgniter\Session\Handlers\FileHandler' driver.
DEBUG - 2025-06-17 00:30:09 --> Session: Class initialized using 'CodeIgniter\Session\Handlers\FileHandler' driver.
DEBUG - 2025-06-17 00:30:11 --> Session: Class initialized using 'CodeIgniter\Session\Handlers\FileHandler' driver.
DEBUG - 2025-06-17 00:30:23 --> Session: Class initialized using 'CodeIgniter\Session\Handlers\FileHandler' driver.
DEBUG - 2025-06-17 00:30:23 --> Session: Class initialized using 'CodeIgniter\Session\Handlers\FileHandler' driver.
DEBUG - 2025-06-17 00:30:29 --> Session: Class initialized using 'CodeIgniter\Session\Handlers\FileHandler' driver.
DEBUG - 2025-06-17 00:30:31 --> Session: Class initialized using 'CodeIgniter\Session\Handlers\FileHandler' driver.
INFO - 2025-06-17 00:30:31 --> Cart Class Initialized
DEBUG - 2025-06-17 00:30:32 --> Session: Class initialized using 'CodeIgniter\Session\Handlers\FileHandler' driver.
DEBUG - 2025-06-17 00:30:35 --> Session: Class initialized using 'CodeIgniter\Session\Handlers\FileHandler' driver.
INFO - 2025-06-17 00:30:35 --> Cart Class Initialized
DEBUG - 2025-06-17 00:30:35 --> Session: Class initialized using 'CodeIgniter\Session\Handlers\FileHandler' driver.
DEBUG - 2025-06-17 00:30:38 --> Session: Class initialized using 'CodeIgniter\Session\Handlers\FileHandler' driver.
INFO - 2025-06-17 00:30:38 --> Cart Class Initialized
DEBUG - 2025-06-17 00:30:45 --> Session: Class initialized using 'CodeIgniter\Session\Handlers\FileHandler' driver.
INFO - 2025-06-17 00:30:45 --> Cart Class Initialized
DEBUG - 2025-06-17 00:30:46 --> Session: Class initialized using 'CodeIgniter\Session\Handlers\FileHandler' driver.
DEBUG - 2025-06-17 00:31:29 --> Session: Class initialized using 'CodeIgniter\Session\Handlers\FileHandler' driver.
DEBUG - 2025-06-17 00:31:32 --> Session: Class initialized using 'CodeIgniter\Session\Handlers\FileHandler' driver.
INFO - 2025-06-17 00:31:32 --> Cart Class Initialized
DEBUG - 2025-06-17 00:31:32 --> Session: Class initialized using 'CodeIgniter\Session\Handlers\FileHandler' driver.
DEBUG - 2025-06-17 00:31:35 --> Session: Class initialized using 'CodeIgniter\Session\Handlers\FileHandler' driver.
INFO - 2025-06-17 00:31:35 --> Cart Class Initialized
DEBUG - 2025-06-17 00:31:37 --> Session: Class initialized using 'CodeIgniter\Session\Handlers\FileHandler' driver.
INFO - 2025-06-17 00:31:37 --> Cart Class Initialized
DEBUG - 2025-06-17 00:31:37 --> Session: Class initialized using 'CodeIgniter\Session\Handlers\FileHandler' driver.
DEBUG - 2025-06-17 00:31:45 --> Session: Class initialized using 'CodeIgniter\Session\Handlers\FileHandler' driver.
DEBUG - 2025-06-17 00:31:48 --> Session: Class initialized using 'CodeIgniter\Session\Handlers\FileHandler' driver.
DEBUG - 2025-06-17 00:31:55 --> Session: Class initialized using 'CodeIgniter\Session\Handlers\FileHandler' driver.
DEBUG - 2025-06-17 00:32:05 --> Session: Class initialized using 'CodeIgniter\Session\Handlers\FileHandler' driver.
CRITICAL - 2025-06-17 00:56:05 --> CodeIgniter\Session\Exceptions\SessionException: Session: Configured save path "C:\xampp\htdocs\proyecto1-Lugo-Arias\writable\session" is not writable by the PHP process.
[Method: GET, Route: /]
in SYSTEMPATH\Session\Handlers\FileHandler.php on line 103.
 1 SYSTEMPATH\Session\Handlers\FileHandler.php(103): CodeIgniter\Session\Exceptions\SessionException::forWriteProtectedSavePath('C:\\xampp\\htdocs\\proyecto1-Lugo-Arias\\writable\\session')
 2 [internal function]: CodeIgniter\Session\Handlers\FileHandler->open('C:\\xampp\\htdocs\\proyecto1-Lugo-Arias\\writable\\session', 'ci_session')
 3 SYSTEMPATH\Session\Session.php(896): session_start()
 4 SYSTEMPATH\Session\Session.php(242): CodeIgniter\Session\Session->startSession()
 5 SYSTEMPATH\Config\Services.php(710): CodeIgniter\Session\Session->start()
 6 SYSTEMPATH\Config\BaseService.php(312): CodeIgniter\Config\Services::session(Object(Config\Session), false)
 7 SYSTEMPATH\Config\BaseService.php(251): CodeIgniter\Config\BaseService::__callStatic('session', [...])
 8 SYSTEMPATH\Config\Services.php(668): CodeIgniter\Config\BaseService::getSharedInstance('session', null)
 9 SYSTEMPATH\Config\BaseService.php(321): CodeIgniter\Config\Services::session()
10 SYSTEMPATH\Config\BaseService.php(202): CodeIgniter\Config\BaseService::__callStatic('session', [])
11 SYSTEMPATH\Common.php(1000): CodeIgniter\Config\BaseService::get('session')
12 SYSTEMPATH\Common.php(973): service('session')
13 APPPATH\Views\front\nav_view.php(4): session()
14 SYSTEMPATH\View\View.php(224): include('C:\\xampp\\htdocs\\proyecto1-Lugo-Arias\\app\\Views\\front\\nav_view.php')
15 SYSTEMPATH\View\View.php(227): CodeIgniter\View\View->CodeIgniter\View\{closure}()
16 SYSTEMPATH\Common.php(1173): CodeIgniter\View\View->render('front/nav_view', [], true)
17 APPPATH\Controllers\Home.php(11): view('front/nav_view')
18 SYSTEMPATH\CodeIgniter.php(933): App\Controllers\Home->index()
19 SYSTEMPATH\CodeIgniter.php(507): CodeIgniter\CodeIgniter->runController(Object(App\Controllers\Home))
20 SYSTEMPATH\CodeIgniter.php(354): CodeIgniter\CodeIgniter->handleRequest(null, Object(Config\Cache), false)
21 SYSTEMPATH\Boot.php(334): CodeIgniter\CodeIgniter->run()
22 SYSTEMPATH\Boot.php(67): CodeIgniter\Boot::runCodeIgniter(Object(CodeIgniter\CodeIgniter))
23 FCPATH\index.php(56): CodeIgniter\Boot::bootWeb(Object(Config\Paths))
